Release 14.7 - xst P.20131013 (nt64)
Copyright (c) 1995-2013 Xilinx, Inc.  All rights reserved.
--> Parameter TMPDIR set to xst/projnav.tmp


Total REAL time to Xst completion: 0.00 secs
Total CPU time to Xst completion: 0.16 secs
 
--> Parameter xsthdpdir set to xst


Total REAL time to Xst completion: 0.00 secs
Total CPU time to Xst completion: 0.16 secs
 
--> Reading design: hybrid_adder.prj

TABLE OF CONTENTS
  1) Synthesis Options Summary
  2) HDL Compilation
  3) Design Hierarchy Analysis
  4) HDL Analysis
  5) HDL Synthesis
     5.1) HDL Synthesis Report
  6) Advanced HDL Synthesis
     6.1) Advanced HDL Synthesis Report
  7) Low Level Synthesis
  8) Partition Report
  9) Final Report
	9.1) Device utilization summary
	9.2) Partition Resource Summary
	9.3) TIMING REPORT


=========================================================================
*                      Synthesis Options Summary                        *
=========================================================================
---- Source Parameters
Input File Name                    : "hybrid_adder.prj"
Input Format                       : mixed
Ignore Synthesis Constraint File   : NO

---- Target Parameters
Output File Name                   : "hybrid_adder"
Output Format                      : NGC
Target Device                      : xc3s100e-4-tq144

---- Source Options
Top Module Name                    : hybrid_adder
Automatic FSM Extraction           : YES
FSM Encoding Algorithm             : Auto
Safe Implementation                : No
FSM Style                          : LUT
RAM Extraction                     : Yes
RAM Style                          : Auto
ROM Extraction                     : Yes
Mux Style                          : Auto
Decoder Extraction                 : YES
Priority Encoder Extraction        : Yes
Shift Register Extraction          : YES
Logical Shifter Extraction         : YES
XOR Collapsing                     : YES
ROM Style                          : Auto
Mux Extraction                     : Yes
Resource Sharing                   : YES
Asynchronous To Synchronous        : NO
Multiplier Style                   : Auto
Automatic Register Balancing       : No

---- Target Options
Add IO Buffers                     : YES
Global Maximum Fanout              : 100000
Add Generic Clock Buffer(BUFG)     : 24
Register Duplication               : YES
Slice Packing                      : YES
Optimize Instantiated Primitives   : NO
Use Clock Enable                   : Yes
Use Synchronous Set                : Yes
Use Synchronous Reset              : Yes
Pack IO Registers into IOBs        : Auto
Equivalent register Removal        : YES

---- General Options
Optimization Goal                  : Speed
Optimization Effort                : 1
Keep Hierarchy                     : No
Netlist Hierarchy                  : As_Optimized
RTL Output                         : Yes
Global Optimization                : AllClockNets
Read Cores                         : YES
Write Timing Constraints           : NO
Cross Clock Analysis               : NO
Hierarchy Separator                : /
Bus Delimiter                      : <>
Case Specifier                     : Maintain
Slice Utilization Ratio            : 100
BRAM Utilization Ratio             : 100
Verilog 2001                       : YES
Auto BRAM Packing                  : NO
Slice Utilization Ratio Delta      : 5

=========================================================================


=========================================================================
*                          HDL Compilation                              *
=========================================================================
Compiling verilog file "hybrid.v" in library work
Module <four_carry_lookahead_adder> compiled
Module <two_carry_lookahead_adder> compiled
Module <hybrid_adder> compiled
No errors in compilation
Analysis of file <"hybrid_adder.prj"> succeeded.
 

=========================================================================
*                     Design Hierarchy Analysis                         *
=========================================================================
Analyzing hierarchy for module <hybrid_adder> in library <work>.

Analyzing hierarchy for module <four_carry_lookahead_adder> in library <work>.

Analyzing hierarchy for module <two_carry_lookahead_adder> in library <work>.


=========================================================================
*                            HDL Analysis                               *
=========================================================================
Analyzing top module <hybrid_adder>.
Module <hybrid_adder> is correct for synthesis.
 
Analyzing module <four_carry_lookahead_adder> in library <work>.
Module <four_carry_lookahead_adder> is correct for synthesis.
 
Analyzing module <two_carry_lookahead_adder> in library <work>.
Module <two_carry_lookahead_adder> is correct for synthesis.
 

=========================================================================
*                           HDL Synthesis                               *
=========================================================================

Performing bidirectional port resolution...

Synthesizing Unit <four_carry_lookahead_adder>.
    Related source file is "hybrid.v".
    Found 1-bit xor2 for signal <s0>.
    Found 1-bit xor2 for signal <s1>.
    Found 1-bit xor2 for signal <s2>.
    Found 1-bit xor2 for signal <s3>.
    Found 1-bit xor2 for signal <p0>.
    Found 1-bit xor2 for signal <p1>.
    Found 1-bit xor2 for signal <p2>.
    Found 1-bit xor2 for signal <p3>.
Unit <four_carry_lookahead_adder> synthesized.


Synthesizing Unit <two_carry_lookahead_adder>.
    Related source file is "hybrid.v".
    Found 1-bit xor2 for signal <s0>.
    Found 1-bit xor2 for signal <s1>.
    Found 1-bit xor2 for signal <p0>.
    Found 1-bit xor2 for signal <p1>.
Unit <two_carry_lookahead_adder> synthesized.


Synthesizing Unit <hybrid_adder>.
    Related source file is "hybrid.v".
Unit <hybrid_adder> synthesized.


=========================================================================
HDL Synthesis Report

Macro Statistics
# Xors                                                 : 36
 1-bit xor2                                            : 36

=========================================================================

=========================================================================
*                       Advanced HDL Synthesis                          *
=========================================================================


=========================================================================
Advanced HDL Synthesis Report

Macro Statistics
# Xors                                                 : 36
 1-bit xor2                                            : 36

=========================================================================

=========================================================================
*                         Low Level Synthesis                           *
=========================================================================

Optimizing unit <hybrid_adder> ...

Mapping all equations...
Building and optimizing final netlist ...
Found area constraint ratio of 100 (+ 5) on block hybrid_adder, actual ratio is 2.

Final Macro Processing ...

=========================================================================
Final Register Report

Found no macro
=========================================================================

=========================================================================
*                           Partition Report                            *
=========================================================================

Partition Implementation Status
-------------------------------

  No Partitions were found in this design.

-------------------------------

=========================================================================
*                            Final Report                               *
=========================================================================
Final Results
RTL Top Level Output File Name     : hybrid_adder.ngr
Top Level Output File Name         : hybrid_adder
Output Format                      : NGC
Optimization Goal                  : Speed
Keep Hierarchy                     : No

Design Statistics
# IOs                              : 60

Cell Usage :
# BELS                             : 36
#      LUT3                        : 36
# IO Buffers                       : 60
#      IBUF                        : 37
#      OBUF                        : 23
=========================================================================

Device utilization summary:
---------------------------

Selected Device : 3s100etq144-4 

 Number of Slices:                       21  out of    960     2%  
 Number of 4 input LUTs:                 36  out of   1920     1%  
 Number of IOs:                          60
 Number of bonded IOBs:                  60  out of    108    55%  

---------------------------
Partition Resource Summary:
---------------------------

  No Partitions were found in this design.

---------------------------


=========================================================================
TIMING REPORT

NOTE: THESE TIMING NUMBERS ARE ONLY A SYNTHESIS ESTIMATE.
      FOR ACCURATE TIMING INFORMATION PLEASE REFER TO THE TRACE REPORT
      GENERATED AFTER PLACE-and-ROUTE.

Clock Information:
------------------
No clock signals found in this design

Asynchronous Control Signals Information:
----------------------------------------
No asynchronous control signals found in this design

Timing Summary:
---------------
Speed Grade: -4

   Minimum period: No path found
   Minimum input arrival time before clock: No path found
   Maximum output required time after clock: No path found
   Maximum combinational path delay: 27.086ns

Timing Detail:
--------------
All values displayed in nanoseconds (ns)

=========================================================================
Timing constraint: Default path analysis
  Total number of paths / destination ports: 481 / 23
-------------------------------------------------------------------------
Delay:               27.086ns (Levels of Logic = 20)
  Source:            b<0> (PAD)
  Destination:       c<4> (PAD)

  Data Path: b<0> to c<4>
                                Gate     Net
    Cell:in->out      fanout   Delay   Delay  Logical Name (Net Name)
    ----------------------------------------  ------------
     IBUF:I->O             2   1.218   0.622  b_0_IBUF (b_0_IBUF)
     LUT3:I0->O            2   0.704   0.482  f1/Mxor_s1_Result11 (N3)
     LUT3:I2->O            2   0.704   0.526  f1/c21 (f1/c2)
     LUT3:I1->O            2   0.704   0.482  f1/c31 (f1/c3)
     LUT3:I2->O            3   0.704   0.610  f1/c41 (c_0_OBUF)
     LUT3:I1->O            2   0.704   0.482  f2/Mxor_s1_Result11 (N4)
     LUT3:I2->O            2   0.704   0.526  f2/c411 (N01)
     LUT3:I1->O            2   0.704   0.482  f2/c31 (f2/c3)
     LUT3:I2->O            3   0.704   0.610  f2/c41 (c_1_OBUF)
     LUT3:I1->O            2   0.704   0.482  f3/Mxor_s1_Result11 (N5)
     LUT3:I2->O            2   0.704   0.526  f3/c411 (N11)
     LUT3:I1->O            2   0.704   0.482  f3/c31 (f3/c3)
     LUT3:I2->O            3   0.704   0.610  f3/c41 (c_2_OBUF)
     LUT3:I1->O            2   0.704   0.482  f4/Mxor_s1_Result11 (N6)
     LUT3:I2->O            2   0.704   0.526  f4/c411 (N2)
     LUT3:I1->O            2   0.704   0.482  f4/c31 (f4/c3)
     LUT3:I2->O            3   0.704   0.610  f4/c41 (c_3_OBUF)
     LUT3:I1->O            2   0.704   0.482  f5/Mxor_s1_Result11 (N7)
     LUT3:I2->O            1   0.704   0.420  f5/c21 (c_4_OBUF)
     OBUF:I->O                 3.272          c_4_OBUF (c<4>)
    ----------------------------------------
    Total                     27.086ns (17.162ns logic, 9.924ns route)
                                       (63.4% logic, 36.6% route)

=========================================================================


Total REAL time to Xst completion: 6.00 secs
Total CPU time to Xst completion: 5.49 secs
 
--> 

Total memory usage is 4534612 kilobytes

Number of errors   :    0 (   0 filtered)
Number of warnings :    0 (   0 filtered)
Number of infos    :    0 (   0 filtered)

